Watching for file changes with StatReloader
[23/Feb/2021 08:59:47] "GET /skill/check HTTP/1.0" 200 3710
[23/Feb/2021 08:59:49] "GET /skill/ HTTP/1.0" 200 3462
[23/Feb/2021 08:59:49] "GET /skill/check HTTP/1.0" 200 3710
[23/Feb/2021 08:59:50] "GET /skill/ HTTP/1.0" 200 3462
[23/Feb/2021 08:59:51] "GET /skill/check HTTP/1.0" 200 3710
[23/Feb/2021 09:02:14] "GET /skill/ HTTP/1.0" 200 3462
[23/Feb/2021 09:02:21] "GET /skill/check HTTP/1.0" 200 3710
[23/Feb/2021 09:03:10] "GET /skill/ HTTP/1.0" 200 3462
[23/Feb/2021 09:03:42] "GET /skill/ HTTP/1.0" 200 3462
[23/Feb/2021 09:07:41] "GET /skill/ HTTP/1.0" 200 3462
[23/Feb/2021 09:07:42] "GET /skill/check HTTP/1.0" 200 3710
[23/Feb/2021 09:07:43] "GET /skill/ HTTP/1.0" 200 3462
[23/Feb/2021 09:07:55] "GET /skill/check HTTP/1.0" 200 3710
[23/Feb/2021 09:07:57] "GET /skill/ HTTP/1.0" 200 3462
[23/Feb/2021 11:13:36] "GET /skill/ HTTP/1.0" 200 3462
[23/Feb/2021 11:14:19] "GET /skill/ HTTP/1.0" 200 3462
[23/Feb/2021 11:14:32] "GET /skill/check HTTP/1.0" 200 3710
[23/Feb/2021 11:15:15] "GET /skill/ HTTP/1.0" 200 3462
[23/Feb/2021 11:15:21] "GET /skill/check HTTP/1.0" 200 3710
Not Found: /skills/
[24/Feb/2021 12:22:31] "GET /skills/ HTTP/1.0" 404 2070
Not Found: /skills/
[24/Feb/2021 12:22:49] "GET /skills/ HTTP/1.0" 404 2070
Not Found: /skills/
[24/Feb/2021 12:22:49] "GET /skills/ HTTP/1.0" 404 2070
Not Found: /skills/
[24/Feb/2021 12:22:50] "GET /skills/ HTTP/1.0" 404 2070
Not Found: /skills/
[24/Feb/2021 12:22:50] "GET /skills/ HTTP/1.0" 404 2070
Not Found: /skills/
[24/Feb/2021 12:23:38] "GET /skills/ HTTP/1.0" 404 2070
Not Found: /skills/
[24/Feb/2021 12:24:05] "GET /skills/ HTTP/1.0" 404 2070
[24/Feb/2021 12:24:09] "GET /skill/ HTTP/1.0" 200 3462
[26/Feb/2021 10:56:56] "GET /skill/check HTTP/1.0" 200 3710
[26/Feb/2021 10:57:01] "GET /skill/ HTTP/1.0" 200 3462
[26/Feb/2021 10:57:15] "POST /skill/ HTTP/1.0" 200 3515
[26/Feb/2021 10:58:43] "POST /skill/ HTTP/1.0" 200 3567
[26/Feb/2021 10:58:55] "POST /skill/ HTTP/1.0" 200 3620
[26/Feb/2021 10:59:08] "POST /skill/ HTTP/1.0" 200 3673
[26/Feb/2021 10:59:21] "POST /skill/ HTTP/1.0" 200 3727
[26/Feb/2021 10:59:23] "POST /skill/ HTTP/1.0" 200 3786
[26/Feb/2021 10:59:33] "POST /skill/ HTTP/1.0" 200 3840
[26/Feb/2021 10:59:44] "POST /skill/ HTTP/1.0" 200 3896
[26/Feb/2021 10:59:55] "POST /skill/ HTTP/1.0" 200 3952
[26/Feb/2021 11:00:02] "POST /skill/ HTTP/1.0" 200 4002
[26/Feb/2021 11:00:11] "POST /skill/ HTTP/1.0" 200 4062
[26/Feb/2021 11:00:20] "POST /skill/ HTTP/1.0" 200 4117
[26/Feb/2021 11:00:31] "POST /skill/ HTTP/1.0" 200 4170
[26/Feb/2021 11:00:41] "POST /skill/ HTTP/1.0" 200 4222
[26/Feb/2021 11:00:47] "POST /skill/ HTTP/1.0" 200 4276
[26/Feb/2021 11:01:03] "POST /skill/ HTTP/1.0" 200 4333
[26/Feb/2021 11:01:11] "POST /skill/ HTTP/1.0" 200 4387
[26/Feb/2021 11:01:19] "POST /skill/ HTTP/1.0" 200 4439
[26/Feb/2021 11:01:35] "POST /skill/ HTTP/1.0" 200 4494
[26/Feb/2021 11:01:42] "POST /skill/ HTTP/1.0" 200 4545
[26/Feb/2021 11:01:47] "POST /skill/ HTTP/1.0" 200 4597
[26/Feb/2021 11:01:53] "POST /skill/ HTTP/1.0" 200 4647
[26/Feb/2021 11:01:56] "POST /skill/ HTTP/1.0" 200 4697
[26/Feb/2021 11:02:24] "POST /skill/ HTTP/1.0" 200 4749
[26/Feb/2021 11:02:39] "POST /skill/ HTTP/1.0" 200 4802
[26/Feb/2021 11:02:45] "POST /skill/ HTTP/1.0" 200 4855
[26/Feb/2021 11:02:52] "POST /skill/ HTTP/1.0" 200 4907
[26/Feb/2021 11:03:06] "POST /skill/ HTTP/1.0" 200 4960
[26/Feb/2021 11:03:12] "POST /skill/ HTTP/1.0" 200 5013
[26/Feb/2021 11:03:26] "POST /skill/ HTTP/1.0" 200 5063
[26/Feb/2021 11:03:32] "POST /skill/ HTTP/1.0" 200 5113
[26/Feb/2021 11:03:41] "POST /skill/ HTTP/1.0" 200 5165
[26/Feb/2021 11:03:58] "POST /skill/ HTTP/1.0" 200 5217
[26/Feb/2021 11:04:07] "POST /skill/ HTTP/1.0" 200 5268
[26/Feb/2021 11:04:38] "POST /skill/ HTTP/1.0" 200 5318
[26/Feb/2021 11:05:04] "POST /skill/ HTTP/1.0" 200 5369
[26/Feb/2021 11:05:11] "POST /skill/ HTTP/1.0" 200 5421
[26/Feb/2021 11:06:02] "POST /skill/ HTTP/1.0" 200 5473
[26/Feb/2021 11:08:25] "GET /skill/check HTTP/1.0" 200 4469
[26/Feb/2021 11:10:17] "GET /skill/ HTTP/1.0" 200 5473
[26/Feb/2021 11:10:25] "POST /skill/ HTTP/1.0" 200 5527
[26/Feb/2021 11:10:28] "POST /skill/ HTTP/1.0" 200 5577
[26/Feb/2021 11:10:36] "POST /skill/ HTTP/1.0" 200 5631
[26/Feb/2021 11:10:53] "POST /skill/ HTTP/1.0" 200 5684
[26/Feb/2021 11:11:24] "POST /skill/ HTTP/1.0" 200 5735
[26/Feb/2021 11:11:30] "POST /skill/ HTTP/1.0" 200 5790
[26/Feb/2021 11:11:36] "POST /skill/ HTTP/1.0" 200 5840
[26/Feb/2021 11:11:40] "POST /skill/ HTTP/1.0" 200 5890
[26/Feb/2021 11:11:48] "POST /skill/ HTTP/1.0" 200 5944
[26/Feb/2021 11:12:00] "POST /skill/ HTTP/1.0" 200 5999
[26/Feb/2021 11:13:41] "POST /skill/ HTTP/1.0" 200 6054
[26/Feb/2021 11:13:54] "POST /skill/ HTTP/1.0" 200 6106
[26/Feb/2021 11:15:02] "GET /skill/check HTTP/1.0" 200 4706
[26/Feb/2021 11:16:37] "GET /skill/ HTTP/1.0" 200 6106
[26/Feb/2021 11:17:01] "POST /skill/ HTTP/1.0" 200 6173
[26/Feb/2021 11:17:07] "POST /skill/ HTTP/1.0" 200 6230
[26/Feb/2021 11:17:20] "POST /skill/ HTTP/1.0" 200 6280
[26/Feb/2021 11:18:26] "POST /skill/ HTTP/1.0" 200 6340
[26/Feb/2021 11:18:58] "POST /skill/ HTTP/1.0" 200 6403
[26/Feb/2021 11:19:23] "GET /skill/check HTTP/1.0" 200 4838
[26/Feb/2021 11:20:17] "GET /skill/ HTTP/1.0" 200 6403
[26/Feb/2021 11:20:23] "POST /skill/ HTTP/1.0" 200 6457
[26/Feb/2021 11:20:27] "POST /skill/ HTTP/1.0" 200 6512
[26/Feb/2021 11:20:29] "GET /skill/check HTTP/1.0" 200 4881
[26/Feb/2021 11:21:30] "GET /skill/ HTTP/1.0" 200 6512
[26/Feb/2021 11:21:58] "POST /skill/ HTTP/1.0" 200 6564
[26/Feb/2021 11:23:26] "POST /skill/ HTTP/1.0" 200 6617
[26/Feb/2021 11:24:38] "GET /skill/check HTTP/1.0" 200 4920
[26/Feb/2021 11:25:33] "GET /skill HTTP/1.0" 301 0
[26/Feb/2021 11:25:33] "GET /skill/ HTTP/1.0" 200 6617
[26/Feb/2021 11:25:49] "GET /skill/check HTTP/1.0" 200 4920
[26/Feb/2021 11:25:51] "GET /skill/ HTTP/1.0" 200 6617
[26/Feb/2021 11:25:54] "GET /skill/check HTTP/1.0" 200 4920
[26/Feb/2021 11:25:56] "GET /skill/ HTTP/1.0" 200 6617
[26/Feb/2021 11:29:12] "GET /skill/ HTTP/1.0" 200 4955
[26/Feb/2021 11:31:12] "GET /skill/ HTTP/1.0" 200 4954
[26/Feb/2021 11:31:41] "GET /skill/check HTTP/1.0" 200 4311
[26/Feb/2021 11:31:43] "GET /skill/ HTTP/1.0" 200 4954
[26/Feb/2021 11:35:20] "GET /skill/ HTTP/1.0" 200 4954
[26/Feb/2021 11:35:24] "POST /skill/ HTTP/1.0" 200 5006
[26/Feb/2021 11:35:30] "POST /skill/ HTTP/1.0" 200 5058
[26/Feb/2021 11:37:23] "GET /skill/check HTTP/1.0" 200 4349
[26/Feb/2021 11:38:00] "GET /skill/ HTTP/1.0" 200 5058
[26/Feb/2021 11:38:09] "POST /skill/ HTTP/1.0" 200 5111
[26/Feb/2021 11:39:19] "POST /skill/ HTTP/1.0" 200 5163
[26/Feb/2021 11:41:21] "POST /skill/ HTTP/1.0" 200 5216
[26/Feb/2021 11:41:34] "POST /skill/ HTTP/1.0" 200 5276
[26/Feb/2021 11:42:01] "GET /skill/ HTTP/1.0" 200 5276
[26/Feb/2021 11:42:07] "POST /skill/ HTTP/1.0" 200 5335
[26/Feb/2021 11:42:15] "POST /skill/ HTTP/1.0" 200 5389
[26/Feb/2021 11:43:06] "POST /skill/ HTTP/1.0" 200 5446
[26/Feb/2021 11:43:53] "POST /skill/ HTTP/1.0" 200 5500
[26/Feb/2021 11:44:42] "POST /skill/ HTTP/1.0" 200 5552
[26/Feb/2021 11:47:12] "POST /skill/ HTTP/1.0" 200 5549
[26/Feb/2021 11:47:18] "POST /skill/ HTTP/1.0" 200 5599
[26/Feb/2021 11:48:01] "GET /skill/ HTTP/1.0" 200 5599
[26/Feb/2021 11:48:33] "POST /skill/ HTTP/1.0" 200 5653
